{
    "func": "load_yaml",
    "args": [
        "./configs/raw_layer.yaml"
    ],
    "kwargs": {},
    "event": "pre-call",
    "timestamp": "2025-02-21T02:17:46.327888Z",
    "level": "info"
},
{
    "func": "load_yaml",
    "result": "<Success: {'api_config': {'location': 'Liverpool', 'request_type': 'forecast'}, 'table_path': ['forecast', 'forecastday', 0, 'hour'], 'save_dir': 'data/raw'}>",
    "event": "post-result",
    "timestamp": "2025-02-21T02:17:46.328734Z",
    "level": "info"
},
{
    "func": "extract_data",
    "args": [
        "ApiConfig(location='Liverpool', request_type='forecast')"
    ],
    "kwargs": {},
    "event": "pre-call",
    "timestamp": "2025-02-21T02:17:46.329061Z",
    "level": "info"
},
{
    "func": "extract_data",
    "result": "<Success: {'location': {'name': 'Liverpool', 'region': 'Merseyside', 'country': 'United Kingdom', 'lat': 53.4166, 'lon': -2.9418, 'tz_id': 'Europe/London', 'localtime_epoch': 1740104360, 'localtime': '2025-02-21 02:19'}, 'current': {'last_updated_epoch': 1740104100, 'last_updated': '2025-02-21 02:15', 'temp_c': 9.1, 'temp_f': 48.4, 'is_day': 0, 'condition': {'text': 'Clear', 'icon': '//cdn.weatherapi.com/weather/64x64/night/113.png', 'code': 1000}, 'wind_mph': 16.1, 'wind_kph': 25.9, 'wind_degree': 159, 'wind_dir': 'SSE', 'pressure_mb': 1007.0, 'pressure_in': 29.74, 'precip_mm': 0.0, 'precip_in': 0.0, 'humidity': 87, 'cloud': 0, 'feelslike_c': 5.7, 'feelslike_f': 42.3, 'windchill_c': 6.5, 'windchill_f': 43.7, 'heatindex_c': 9.7, 'heatindex_f': 49.5, 'dewpoint_c': 7.0, 'dewpoint_f': 44.5, 'vis_km': 10.0, 'vis_miles': 6.0, 'uv': 0.0, 'gust_mph': 27.4, 'gust_kph': 44.1}, 'forecast': {'forecastday': [{'date': '2025-02-21', 'date_epoch': 1740096000, 'day': {'maxtemp_c': 13.1, 'maxtemp_f': 55.5, 'mintemp_c': 7.8, 'mintemp_f': 46.0, 'avgtemp_c': 10.5, 'avgtemp_f': 50.9, 'maxwind_mph': 26.8, 'maxwind_kph': 43.2, 'totalprecip_mm': 2.42, 'totalprecip_in': 0.1, 'totalsnow_cm': 0.0, 'avgvis_km': 8.3, 'avgvis_miles': 5.0, 'avghumidity': 83, 'daily_will_it_rain': 1, 'daily_chance_of_rain': 93, 'daily_will_it_snow': 0, 'daily_chance_of_snow': 0, 'condition': {'text': 'Patchy rain nearby', 'icon': '//cdn.weatherapi.com/weather/64x64/day/176.png', 'code': 1063}, 'uv': 0.1}, 'astro': {'sunrise': '07:17 AM', 'sunset': '05:35 PM', 'moonrise': '03:14 AM', 'moonset': '09:43 AM', 'moon_phase': 'Waning Crescent', 'moon_illumination': 47, 'is_moon_up': 0, 'is_sun_up': 0}, 'hour': [{'time_epoch': 1740096000, 'time': '2025-02-21 00:00', 'temp_c': 9.0, 'temp_f': 48.1, 'is_day': 0, 'condition': {'text': 'Clear ', 'icon': '//cdn.weatherapi.com/weather/64x64/night/113.png', 'code': 1000}, 'wind_mph': 13.0, 'wind_kph': 20.9, 'wind_degree': 161, 'wind_dir': 'SSE', 'pressure_mb': 1008.0, 'pressure_in': 29.78, 'precip_mm': 0.0, 'precip_in': 0.0, 'snow_cm': 0.0, 'humidity': 88, 'cloud': 24, 'feelslike_c': 6.0, 'feelslike_f': 42.8, 'windchill_c': 6.0, 'windchill_f': 42.8, 'heatindex_c': 9.0, 'heatindex_f': 48.1, 'dewpoint_c': 7.1, 'dewpoint_f': 44.8, 'will_it_rain': 0, 'chance_of_rain': 0, 'will_it_snow': 0, 'chance_of_snow': 0, 'vis_km': 10.0, 'vis_miles': 6.0, 'gust_mph': 22.9, 'gust_kph': 36.9, 'uv': 0}, {'time_epoch': 1740099600, 'time': '2025-02-21 01:00', 'temp_c': 9.5, 'temp_f': 49.1, 'is_day': 0, 'condition': {'text': 'Cloudy ', 'icon': '//cdn.weatherapi.com/weather/64x64/night/119.png', 'code': 1006}, 'wind_mph': 13.9, 'wind_kph': 22.3, 'wind_degree': 162, 'wind_dir': 'SSE', 'pressure_mb': 1008.0, 'pressure_in': 29.77, 'precip_mm': 0.0, 'precip_in': 0.0, 'snow_cm': 0.0, 'humidity': 85, 'cloud': 74, 'feelslike_c': 6.5, 'feelslike_f': 43.7, 'windchill_c': 6.5, 'windchill_f': 43.7, 'heatindex_c': 9.5, 'heatindex_f': 49.1, 'dewpoint_c': 7.1, 'dewpoint_f': 44.8, 'will_it_rain': 0, 'chance_of_rain': 0, 'will_it_snow': 0, 'chance_of_snow': 0, 'vis_km': 10.0, 'vis_miles': 6.0, 'gust_mph': 24.0, 'gust_kph': 38.6, 'uv': 0}, {'time_epoch': 1740103200, 'time': '2025-02-21 02:00', 'temp_c': 9.1, 'temp_f': 48.4, 'is_day': 0, 'condition': {'text': 'Clear', 'icon': '//cdn.weatherapi.com/weather/64x64/night/113.png', 'code': 1000}, 'wind_mph': 16.1, 'wind_kph': 25.9, 'wind_degree': 159, 'wind_dir': 'SSE', 'pressure_mb': 1007.0, 'pressure_in': 29.74, 'precip_mm': 0.0, 'precip_in': 0.0, 'snow_cm': 0.0, 'humidity': 87, 'cloud': 0, 'feelslike_c': 6.5, 'feelslike_f': 43.7, 'windchill_c': 6.5, 'windchill_f': 43.7, 'heatindex_c': 9.7, 'heatindex_f': 49.5, 'dewpoint_c': 7.0, 'dewpoint_f': 44.5, 'will_it_rain': 0, 'chance_of_rain': 0, 'will_it_snow': 0, 'chance_of_snow': 0, 'vis_km': 10.0, 'vis_miles': 6.0, 'gust_mph': 27.4, 'gust_kph': 44.1, 'uv': 0}, {'time_epoch': 1740106800, 'time': '2025-02-21 03:00', 'temp_c': 9.5, 'temp_f': 49.2, 'is_day': 0, 'condition': {'text': 'Overcast ', 'icon': '//cdn.weatherapi.com/weather/64x64/night/122.png', 'code': 1009}, 'wind_mph': 18.3, 'wind_kph': 29.5, 'wind_degree': 157, 'wind_dir': 'SSE', 'pressure_mb': 1006.0, 'pressure_in': 29.71, 'precip_mm': 0.0, 'precip_in': 0.0, 'snow_cm': 0.0, 'humidity': 90, 'cloud': 100, 'feelslike_c': 6.0, 'feelslike_f': 42.8, 'windchill_c': 6.0, 'windchill_f': 42.8, 'heatindex_c': 9.6, 'heatindex_f': 49.2, 'dewpoint_c': 7.9, 'dewpoint_f': 46.2, 'will_it_rain': 0, 'chance_of_rain': 0, 'will_it_snow': 0, 'chance_of_snow': 0, 'vis_km': 10.0, 'vis_miles': 6.0, 'gust_mph': 29.4, 'gust_kph': 47.4, 'uv': 0}, {'time_epoch': 1740110400, 'time': '2025-02-21 04:00', 'temp_c': 10.2, 'temp_f': 50.4, 'is_day': 0, 'condition': {'text': 'Overcast ', 'icon': '//cdn.weatherapi.com/weather/64x64/night/122.png', 'code': 1009}, 'wind_mph': 19.5, 'wind_kph': 31.3, 'wind_degree': 157, 'wind_dir': 'SSE', 'pressure_mb': 1005.0, 'pressure_in': 29.68, 'precip_mm': 0.0, 'precip_in': 0.0, 'snow_cm': 0.0, 'humidity': 88, 'cloud': 100, 'feelslike_c': 6.8, 'feelslike_f': 44.2, 'windchill_c': 6.8, 'windchill_f': 44.2, 'heatindex_c': 10.2, 'heatindex_f': 50.4, 'dewpoint_c': 8.3, 'dewpoint_f': 46.9, 'will_it_rain': 0, 'chance_of_rain': 0, 'will_it_snow': 0, 'chance_of_snow': 0, 'vis_km': 10.0, 'vis_miles': 6.0, 'gust_mph': 31.2, 'gust_kph': 50.3, 'uv': 0}, {'time_epoch': 1740114000, 'time': '2025-02-21 05:00', 'temp_c': 10.6, 'temp_f': 51.1, 'is_day': 0, 'condition': {'text': 'Overcast ', 'icon': '//cdn.weatherapi.com/weather/64x64/night/122.png', 'code': 1009}, 'wind_mph': 20.1, 'wind_kph': 32.4, 'wind_degree': 154, 'wind_dir': 'SSE', 'pressure_mb': 1004.0, 'pressure_in': 29.64, 'precip_mm': 0.0, 'precip_in': 0.0, 'snow_cm': 0.0, 'humidity': 88, 'cloud': 100, 'feelslike_c': 7.3, 'feelslike_f': 45.1, 'windchill_c': 7.3, 'windchill_f': 45.1, 'heatindex_c': 10.6, 'heatindex_f': 51.2, 'dewpoint_c': 8.8, 'dewpoint_f': 47.8, 'will_it_rain': 0, 'chance_of_rain': 0, 'will_it_snow': 0, 'chance_of_snow': 0, 'vis_km': 10.0, 'vis_miles': 6.0, 'gust_mph': 31.8, 'gust_kph': 51.2, 'uv': 0}, {'time_epoch': 1740117600, 'time': '2025-02-21 06:00', 'temp_c': 11.2, 'temp_f': 52.2, 'is_day': 0, 'condition': {'text': 'Light drizzle', 'icon': '//cdn.weatherapi.com/weather/64x64/night/266.png', 'code': 1153}, 'wind_mph': 21.7, 'wind_kph': 34.9, 'wind_degree': 155, 'wind_dir': 'SSE', 'pressure_mb': 1002.0, 'pressure_in': 29.6, 'precip_mm': 0.69, 'precip_in': 0.03, 'snow_cm': 0.0, 'humidity': 90, 'cloud': 100, 'feelslike_c': 7.9, 'feelslike_f': 46.2, 'windchill_c': 7.9, 'windchill_f': 46.2, 'heatindex_c': 11.3, 'heatindex_f': 52.3, 'dewpoint_c': 9.7, 'dewpoint_f': 49.5, 'will_it_rain': 1, 'chance_of_rain': 100, 'will_it_snow': 0, 'chance_of_snow': 0, 'vis_km': 2.0, 'vis_miles': 1.0, 'gust_mph': 34.7, 'gust_kph': 55.8, 'uv': 0}, {'time_epoch': 1740121200, 'time': '2025-02-21 07:00', 'temp_c': 11.7, 'temp_f': 53.0, 'is_day': 0, 'condition': {'text': 'Light drizzle', 'icon': '//cdn.weatherapi.com/weather/64x64/night/266.png', 'code': 1153}, 'wind_mph': 21.5, 'wind_kph': 34.6, 'wind_degree': 158, 'wind_dir': 'SSE', 'pressure_mb': 1001.0, 'pressure_in': 29.57, 'precip_mm': 0.34, 'precip_in': 0.01, 'snow_cm': 0.0, 'humidity': 91, 'cloud': 100, 'feelslike_c': 8.5, 'feelslike_f': 47.3, 'windchill_c': 8.5, 'windchill_f': 47.3, 'heatindex_c': 11.7, 'heatindex_f': 53.0, 'dewpoint_c': 10.3, 'dewpoint_f': 50.5, 'will_it_rain': 1, 'chance_of_rain': 100, 'will_it_snow': 0, 'chance_of_snow': 0, 'vis_km': 2.0, 'vis_miles': 1.0, 'gust_mph': 34.6, 'gust_kph': 55.7, 'uv': 0}, {'time_epoch': 1740124800, 'time': '2025-02-21 08:00', 'temp_c': 11.8, 'temp_f': 53.2, 'is_day': 1, 'condition': {'text': 'Light drizzle', 'icon': '//cdn.weatherapi.com/weather/64x64/day/266.png', 'code': 1153}, 'wind_mph': 21.9, 'wind_kph': 35.3, 'wind_degree': 161, 'wind_dir': 'SSE', 'pressure_mb': 1001.0, 'pressure_in': 29.56, 'precip_mm': 0.29, 'precip_in': 0.01, 'snow_cm': 0.0, 'humidity': 90, 'cloud': 100, 'feelslike_c': 8.6, 'feelslike_f': 47.4, 'windchill_c': 8.6, 'windchill_f': 47.4, 'heatindex_c': 11.8, 'heatindex_f': 53.2, 'dewpoint_c': 10.2, 'dewpoint_f': 50.4, 'will_it_rain': 1, 'chance_of_rain': 100, 'will_it_snow': 0, 'chance_of_snow': 0, 'vis_km': 2.0, 'vis_miles': 1.0, 'gust_mph': 35.3, 'gust_kph': 56.7, 'uv': 0.0}, {'time_epoch': 1740128400, 'time': '2025-02-21 09:00', 'temp_c': 12.7, 'temp_f': 54.8, 'is_day': 1, 'condition': {'text': 'Patchy rain nearby', 'icon': '//cdn.weatherapi.com/weather/64x64/day/176.png', 'code': 1063}, 'wind_mph': 22.4, 'wind_kph': 36.0, 'wind_degree': 169, 'wind_dir': 'S', 'pressure_mb': 1000.0, 'pressure_in': 29.53, 'precip_mm': 0.02, 'precip_in': 0.0, 'snow_cm': 0.0, 'humidity': 82, 'cloud': 100, 'feelslike_c': 9.8, 'feelslike_f': 49.6, 'windchill_c': 9.8, 'windchill_f': 49.6, 'heatindex_c': 12.7, 'heatindex_f': 54.8, 'dewpoint_c': 9.7, 'dewpoint_f': 49.4, 'will_it_rain': 1, 'chance_of_rain': 85, 'will_it_snow': 0, 'chance_of_snow': 0, 'vis_km': 10.0, 'vis_miles': 6.0, 'gust_mph': 37.8, 'gust_kph': 60.8, 'uv': 0.0}, {'time_epoch': 1740132000, 'time': '2025-02-21 10:00', 'temp_c': 12.6, 'temp_f': 54.7, 'is_day': 1, 'condition': {'text': 'Overcast ', 'icon': '//cdn.weatherapi.com/weather/64x64/day/122.png', 'code': 1009}, 'wind_mph': 25.1, 'wind_kph': 40.3, 'wind_degree': 165, 'wind_dir': 'SSE', 'pressure_mb': 999.0, 'pressure_in': 29.51, 'precip_mm': 0.0, 'precip_in': 0.0, 'snow_cm': 0.0, 'humidity': 82, 'cloud': 100, 'feelslike_c': 9.4, 'feelslike_f': 49.0, 'windchill_c': 9.4, 'windchill_f': 49.0, 'heatindex_c': 12.6, 'heatindex_f': 54.7, 'dewpoint_c': 9.6, 'dewpoint_f': 49.3, 'will_it_rain': 0, 'chance_of_rain': 0, 'will_it_snow': 0, 'chance_of_snow': 0, 'vis_km': 10.0, 'vis_miles': 6.0, 'gust_mph': 39.9, 'gust_kph': 64.2, 'uv': 0.1}, {'time_epoch': 1740135600, 'time': '2025-02-21 11:00', 'temp_c': 13.1, 'temp_f': 55.5, 'is_day': 1, 'condition': {'text': 'Patchy rain nearby', 'icon': '//cdn.weatherapi.com/weather/64x64/day/176.png', 'code': 1063}, 'wind_mph': 26.8, 'wind_kph': 43.2, 'wind_degree': 169, 'wind_dir': 'S', 'pressure_mb': 999.0, 'pressure_in': 29.49, 'precip_mm': 0.1, 'precip_in': 0.0, 'snow_cm': 0.0, 'humidity': 78, 'cloud': 100, 'feelslike_c': 10.0, 'feelslike_f': 49.9, 'windchill_c': 10.0, 'windchill_f': 49.9, 'heatindex_c': 13.1, 'heatindex_f': 55.5, 'dewpoint_c': 9.3, 'dewpoint_f': 48.8, 'will_it_rain': 1, 'chance_of_rain': 100, 'will_it_snow': 0, 'chance_of_snow': 0, 'vis_km': 10.0, 'vis_miles': 6.0, 'gust_mph': 42.5, 'gust_kph': 68.4, 'uv': 0.3}, {'time_epoch': 1740139200, 'time': '2025-02-21 12:00', 'temp_c': 13.0, 'temp_f': 55.4, 'is_day': 1, 'condition': {'text': 'Patchy rain nearby', 'icon': '//cdn.weatherapi.com/weather/64x64/day/176.png', 'code': 1063}, 'wind_mph': 25.7, 'wind_kph': 41.4, 'wind_degree': 173, 'wind_dir': 'S', 'pressure_mb': 998.0, 'pressure_in': 29.47, 'precip_mm': 0.02, 'precip_in': 0.0, 'snow_cm': 0.0, 'humidity': 75, 'cloud': 100, 'feelslike_c': 9.9, 'feelslike_f': 49.9, 'windchill_c': 9.9, 'windchill_f': 49.9, 'heatindex_c': 13.0, 'heatindex_f': 55.4, 'dewpoint_c': 8.8, 'dewpoint_f': 47.8, 'will_it_rain': 1, 'chance_of_rain': 88, 'will_it_snow': 0, 'chance_of_snow': 0, 'vis_km': 10.0, 'vis_miles': 6.0, 'gust_mph': 41.4, 'gust_kph': 66.6, 'uv': 0.3}, {'time_epoch': 1740142800, 'time': '2025-02-21 13:00', 'temp_c': 12.4, 'temp_f': 54.3, 'is_day': 1, 'condition': {'text': 'Light drizzle', 'icon': '//cdn.weatherapi.com/weather/64x64/day/266.png', 'code': 1153}, 'wind_mph': 23.9, 'wind_kph': 38.5, 'wind_degree': 169, 'wind_dir': 'S', 'pressure_mb': 997.0, 'pressure_in': 29.43, 'precip_mm': 0.6, 'precip_in': 0.02, 'snow_cm': 0.0, 'humidity': 81, 'cloud': 100, 'feelslike_c': 9.3, 'feelslike_f': 48.7, 'windchill_c': 9.3, 'windchill_f': 48.7, 'heatindex_c': 12.4, 'heatindex_f': 54.3, 'dewpoint_c': 9.2, 'dewpoint_f': 48.6, 'will_it_rain': 1, 'chance_of_rain': 100, 'will_it_snow': 0, 'chance_of_snow': 0, 'vis_km': 2.0, 'vis_miles': 1.0, 'gust_mph': 37.3, 'gust_kph': 60.1, 'uv': 0.2}, {'time_epoch': 1740146400, 'time': '2025-02-21 14:00', 'temp_c': 12.4, 'temp_f': 54.3, 'is_day': 1, 'condition': {'text': 'Light drizzle', 'icon': '//cdn.weatherapi.com/weather/64x64/day/266.png', 'code': 1153}, 'wind_mph': 23.7, 'wind_kph': 38.2, 'wind_degree': 190, 'wind_dir': 'S', 'pressure_mb': 998.0, 'pressure_in': 29.46, 'precip_mm': 0.3, 'precip_in': 0.01, 'snow_cm': 0.0, 'humidity': 81, 'cloud': 100, 'feelslike_c': 9.2, 'feelslike_f': 48.6, 'windchill_c': 9.2, 'windchill_f': 48.6, 'heatindex_c': 12.4, 'heatindex_f': 54.3, 'dewpoint_c': 9.2, 'dewpoint_f': 48.5, 'will_it_rain': 1, 'chance_of_rain': 100, 'will_it_snow': 0, 'chance_of_snow': 0, 'vis_km': 2.0, 'vis_miles': 1.0, 'gust_mph': 38.3, 'gust_kph': 61.7, 'uv': 0.1}, {'time_epoch': 1740150000, 'time': '2025-02-21 15:00', 'temp_c': 12.0, 'temp_f': 53.5, 'is_day': 1, 'condition': {'text': 'Patchy rain nearby', 'icon': '//cdn.weatherapi.com/weather/64x64/day/176.png', 'code': 1063}, 'wind_mph': 20.1, 'wind_kph': 32.4, 'wind_degree': 214, 'wind_dir': 'SW', 'pressure_mb': 999.0, 'pressure_in': 29.51, 'precip_mm': 0.06, 'precip_in': 0.0, 'snow_cm': 0.0, 'humidity': 77, 'cloud': 73, 'feelslike_c': 9.0, 'feelslike_f': 48.2, 'windchill_c': 9.0, 'windchill_f': 48.2, 'heatindex_c': 12.0, 'heatindex_f': 53.5, 'dewpoint_c': 8.1, 'dewpoint_f': 46.7, 'will_it_rain': 1, 'chance_of_rain': 100, 'will_it_snow': 0, 'chance_of_snow': 0, 'vis_km': 10.0, 'vis_miles': 6.0, 'gust_mph': 31.7, 'gust_kph': 51.0, 'uv': 0.0}, {'time_epoch': 1740153600, 'time': '2025-02-21 16:00', 'temp_c': 10.4, 'temp_f': 50.8, 'is_day': 1, 'condition': {'text': 'Partly Cloudy ', 'icon': '//cdn.weatherapi.com/weather/64x64/day/116.png', 'code': 1003}, 'wind_mph': 11.9, 'wind_kph': 19.1, 'wind_degree': 224, 'wind_dir': 'SW', 'pressure_mb': 1000.0, 'pressure_in': 29.54, 'precip_mm': 0.0, 'precip_in': 0.0, 'snow_cm': 0.0, 'humidity': 74, 'cloud': 27, 'feelslike_c': 8.0, 'feelslike_f': 46.4, 'windchill_c': 8.0, 'windchill_f': 46.4, 'heatindex_c': 10.4, 'heatindex_f': 50.8, 'dewpoint_c': 6.1, 'dewpoint_f': 42.9, 'will_it_rain': 0, 'chance_of_rain': 0, 'will_it_snow': 0, 'chance_of_snow': 0, 'vis_km': 10.0, 'vis_miles': 6.0, 'gust_mph': 18.5, 'gust_kph': 29.7, 'uv': 0.2}, {'time_epoch': 1740157200, 'time': '2025-02-21 17:00', 'temp_c': 9.8, 'temp_f': 49.6, 'is_day': 1, 'condition': {'text': 'Partly Cloudy ', 'icon': '//cdn.weatherapi.com/weather/64x64/day/116.png', 'code': 1003}, 'wind_mph': 10.3, 'wind_kph': 16.6, 'wind_degree': 206, 'wind_dir': 'SSW', 'pressure_mb': 1001.0, 'pressure_in': 29.56, 'precip_mm': 0.0, 'precip_in': 0.0, 'snow_cm': 0.0, 'humidity': 76, 'cloud': 41, 'feelslike_c': 7.4, 'feelslike_f': 45.4, 'windchill_c': 7.4, 'windchill_f': 45.4, 'heatindex_c': 9.8, 'heatindex_f': 49.6, 'dewpoint_c': 5.8, 'dewpoint_f': 42.5, 'will_it_rain': 0, 'chance_of_rain': 0, 'will_it_snow': 0, 'chance_of_snow': 0, 'vis_km': 10.0, 'vis_miles': 6.0, 'gust_mph': 16.8, 'gust_kph': 27.1, 'uv': 0.0}, {'time_epoch': 1740160800, 'time': '2025-02-21 18:00', 'temp_c': 9.2, 'temp_f': 48.5, 'is_day': 0, 'condition': {'text': 'Partly Cloudy ', 'icon': '//cdn.weatherapi.com/weather/64x64/night/116.png', 'code': 1003}, 'wind_mph': 9.6, 'wind_kph': 15.5, 'wind_degree': 202, 'wind_dir': 'SSW', 'pressure_mb': 1002.0, 'pressure_in': 29.58, 'precip_mm': 0.0, 'precip_in': 0.0, 'snow_cm': 0.0, 'humidity': 79, 'cloud': 27, 'feelslike_c': 6.8, 'feelslike_f': 44.3, 'windchill_c': 6.8, 'windchill_f': 44.3, 'heatindex_c': 9.2, 'heatindex_f': 48.5, 'dewpoint_c': 5.7, 'dewpoint_f': 42.3, 'will_it_rain': 0, 'chance_of_rain': 0, 'will_it_snow': 0, 'chance_of_snow': 0, 'vis_km': 10.0, 'vis_miles': 6.0, 'gust_mph': 16.6, 'gust_kph': 26.7, 'uv': 0}, {'time_epoch': 1740164400, 'time': '2025-02-21 19:00', 'temp_c': 8.7, 'temp_f': 47.6, 'is_day': 0, 'condition': {'text': 'Partly Cloudy ', 'icon': '//cdn.weatherapi.com/weather/64x64/night/116.png', 'code': 1003}, 'wind_mph': 8.3, 'wind_kph': 13.3, 'wind_degree': 183, 'wind_dir': 'S', 'pressure_mb': 1002.0, 'pressure_in': 29.6, 'precip_mm': 0.0, 'precip_in': 0.0, 'snow_cm': 0.0, 'humidity': 81, 'cloud': 31, 'feelslike_c': 6.5, 'feelslike_f': 43.7, 'windchill_c': 6.5, 'windchill_f': 43.7, 'heatindex_c': 8.7, 'heatindex_f': 47.6, 'dewpoint_c': 5.6, 'dewpoint_f': 42.1, 'will_it_rain': 0, 'chance_of_rain': 0, 'will_it_snow': 0, 'chance_of_snow': 0, 'vis_km': 10.0, 'vis_miles': 6.0, 'gust_mph': 14.9, 'gust_kph': 23.9, 'uv': 0}, {'time_epoch': 1740168000, 'time': '2025-02-21 20:00', 'temp_c': 8.5, 'temp_f': 47.2, 'is_day': 0, 'condition': {'text': 'Partly Cloudy ', 'icon': '//cdn.weatherapi.com/weather/64x64/night/116.png', 'code': 1003}, 'wind_mph': 8.7, 'wind_kph': 14.0, 'wind_degree': 170, 'wind_dir': 'S', 'pressure_mb': 1003.0, 'pressure_in': 29.63, 'precip_mm': 0.0, 'precip_in': 0.0, 'snow_cm': 0.0, 'humidity': 82, 'cloud': 30, 'feelslike_c': 6.2, 'feelslike_f': 43.1, 'windchill_c': 6.2, 'windchill_f': 43.1, 'heatindex_c': 8.5, 'heatindex_f': 47.2, 'dewpoint_c': 5.7, 'dewpoint_f': 42.2, 'will_it_rain': 0, 'chance_of_rain': 0, 'will_it_snow': 0, 'chance_of_snow': 0, 'vis_km': 10.0, 'vis_miles': 6.0, 'gust_mph': 15.6, 'gust_kph': 25.1, 'uv': 0}, {'time_epoch': 1740171600, 'time': '2025-02-21 21:00', 'temp_c': 8.2, 'temp_f': 46.8, 'is_day': 0, 'condition': {'text': 'Clear ', 'icon': '//cdn.weatherapi.com/weather/64x64/night/113.png', 'code': 1000}, 'wind_mph': 8.9, 'wind_kph': 14.4, 'wind_degree': 170, 'wind_dir': 'S', 'pressure_mb': 1004.0, 'pressure_in': 29.65, 'precip_mm': 0.0, 'precip_in': 0.0, 'snow_cm': 0.0, 'humidity': 85, 'cloud': 12, 'feelslike_c': 5.8, 'feelslike_f': 42.4, 'windchill_c': 5.8, 'windchill_f': 42.4, 'heatindex_c': 8.2, 'heatindex_f': 46.8, 'dewpoint_c': 5.9, 'dewpoint_f': 42.5, 'will_it_rain': 0, 'chance_of_rain': 0, 'will_it_snow': 0, 'chance_of_snow': 0, 'vis_km': 10.0, 'vis_miles': 6.0, 'gust_mph': 15.6, 'gust_kph': 25.1, 'uv': 0}, {'time_epoch': 1740175200, 'time': '2025-02-21 22:00', 'temp_c': 8.1, 'temp_f': 46.5, 'is_day': 0, 'condition': {'text': 'Clear ', 'icon': '//cdn.weatherapi.com/weather/64x64/night/113.png', 'code': 1000}, 'wind_mph': 8.7, 'wind_kph': 14.0, 'wind_degree': 171, 'wind_dir': 'S', 'pressure_mb': 1004.0, 'pressure_in': 29.65, 'precip_mm': 0.0, 'precip_in': 0.0, 'snow_cm': 0.0, 'humidity': 86, 'cloud': 9, 'feelslike_c': 5.7, 'feelslike_f': 42.2, 'windchill_c': 5.7, 'windchill_f': 42.2, 'heatindex_c': 8.1, 'heatindex_f': 46.5, 'dewpoint_c': 5.8, 'dewpoint_f': 42.4, 'will_it_rain': 0, 'chance_of_rain': 0, 'will_it_snow': 0, 'chance_of_snow': 0, 'vis_km': 10.0, 'vis_miles': 6.0, 'gust_mph': 15.3, 'gust_kph': 24.7, 'uv': 0}, {'time_epoch': 1740178800, 'time': '2025-02-21 23:00', 'temp_c': 7.8, 'temp_f': 46.0, 'is_day': 0, 'condition': {'text': 'Clear ', 'icon': '//cdn.weatherapi.com/weather/64x64/night/113.png', 'code': 1000}, 'wind_mph': 8.3, 'wind_kph': 13.3, 'wind_degree': 159, 'wind_dir': 'SSE', 'pressure_mb': 1004.0, 'pressure_in': 29.65, 'precip_mm': 0.0, 'precip_in': 0.0, 'snow_cm': 0.0, 'humidity': 87, 'cloud': 9, 'feelslike_c': 5.4, 'feelslike_f': 41.7, 'windchill_c': 5.4, 'windchill_f': 41.7, 'heatindex_c': 7.8, 'heatindex_f': 46.0, 'dewpoint_c': 5.7, 'dewpoint_f': 42.2, 'will_it_rain': 0, 'chance_of_rain': 0, 'will_it_snow': 0, 'chance_of_snow': 0, 'vis_km': 10.0, 'vis_miles': 6.0, 'gust_mph': 15.0, 'gust_kph': 24.1, 'uv': 0}]}]}}>",
    "event": "post-result",
    "timestamp": "2025-02-21T02:17:46.521712Z",
    "level": "info"
},
{
    "func": "convert_json_to_df",
    "args": [
        {
            "location": {
                "name": "Liverpool",
                "region": "Merseyside",
                "country": "United Kingdom",
                "lat": 53.4166,
                "lon": -2.9418,
                "tz_id": "Europe/London",
                "localtime_epoch": 1740104360,
                "localtime": "2025-02-21 02:19"
            },
            "current": {
                "last_updated_epoch": 1740104100,
                "last_updated": "2025-02-21 02:15",
                "temp_c": 9.1,
                "temp_f": 48.4,
                "is_day": 0,
                "condition": {
                    "text": "Clear",
                    "icon": "//cdn.weatherapi.com/weather/64x64/night/113.png",
                    "code": 1000
                },
                "wind_mph": 16.1,
                "wind_kph": 25.9,
                "wind_degree": 159,
                "wind_dir": "SSE",
                "pressure_mb": 1007.0,
                "pressure_in": 29.74,
                "precip_mm": 0.0,
                "precip_in": 0.0,
                "humidity": 87,
                "cloud": 0,
                "feelslike_c": 5.7,
                "feelslike_f": 42.3,
                "windchill_c": 6.5,
                "windchill_f": 43.7,
                "heatindex_c": 9.7,
                "heatindex_f": 49.5,
                "dewpoint_c": 7.0,
                "dewpoint_f": 44.5,
                "vis_km": 10.0,
                "vis_miles": 6.0,
                "uv": 0.0,
                "gust_mph": 27.4,
                "gust_kph": 44.1
            },
            "forecast": {
                "forecastday": [
                    {
                        "date": "2025-02-21",
                        "date_epoch": 1740096000,
                        "day": {
                            "maxtemp_c": 13.1,
                            "maxtemp_f": 55.5,
                            "mintemp_c": 7.8,
                            "mintemp_f": 46.0,
                            "avgtemp_c": 10.5,
                            "avgtemp_f": 50.9,
                            "maxwind_mph": 26.8,
                            "maxwind_kph": 43.2,
                            "totalprecip_mm": 2.42,
                            "totalprecip_in": 0.1,
                            "totalsnow_cm": 0.0,
                            "avgvis_km": 8.3,
                            "avgvis_miles": 5.0,
                            "avghumidity": 83,
                            "daily_will_it_rain": 1,
                            "daily_chance_of_rain": 93,
                            "daily_will_it_snow": 0,
                            "daily_chance_of_snow": 0,
                            "condition": {
                                "text": "Patchy rain nearby",
                                "icon": "//cdn.weatherapi.com/weather/64x64/day/176.png",
                                "code": 1063
                            },
                            "uv": 0.1
                        },
                        "astro": {
                            "sunrise": "07:17 AM",
                            "sunset": "05:35 PM",
                            "moonrise": "03:14 AM",
                            "moonset": "09:43 AM",
                            "moon_phase": "Waning Crescent",
                            "moon_illumination": 47,
                            "is_moon_up": 0,
                            "is_sun_up": 0
                        },
                        "hour": [
                            {
                                "time_epoch": 1740096000,
                                "time": "2025-02-21 00:00",
                                "temp_c": 9.0,
                                "temp_f": 48.1,
                                "is_day": 0,
                                "condition": {
                                    "text": "Clear ",
                                    "icon": "//cdn.weatherapi.com/weather/64x64/night/113.png",
                                    "code": 1000
                                },
                                "wind_mph": 13.0,
                                "wind_kph": 20.9,
                                "wind_degree": 161,
                                "wind_dir": "SSE",
                                "pressure_mb": 1008.0,
                                "pressure_in": 29.78,
                                "precip_mm": 0.0,
                                "precip_in": 0.0,
                                "snow_cm": 0.0,
                                "humidity": 88,
                                "cloud": 24,
                                "feelslike_c": 6.0,
                                "feelslike_f": 42.8,
                                "windchill_c": 6.0,
                                "windchill_f": 42.8,
                                "heatindex_c": 9.0,
                                "heatindex_f": 48.1,
                                "dewpoint_c": 7.1,
                                "dewpoint_f": 44.8,
                                "will_it_rain": 0,
                                "chance_of_rain": 0,
                                "will_it_snow": 0,
                                "chance_of_snow": 0,
                                "vis_km": 10.0,
                                "vis_miles": 6.0,
                                "gust_mph": 22.9,
                                "gust_kph": 36.9,
                                "uv": 0
                            },
                            {
                                "time_epoch": 1740099600,
                                "time": "2025-02-21 01:00",
                                "temp_c": 9.5,
                                "temp_f": 49.1,
                                "is_day": 0,
                                "condition": {
                                    "text": "Cloudy ",
                                    "icon": "//cdn.weatherapi.com/weather/64x64/night/119.png",
                                    "code": 1006
                                },
                                "wind_mph": 13.9,
                                "wind_kph": 22.3,
                                "wind_degree": 162,
                                "wind_dir": "SSE",
                                "pressure_mb": 1008.0,
                                "pressure_in": 29.77,
                                "precip_mm": 0.0,
                                "precip_in": 0.0,
                                "snow_cm": 0.0,
                                "humidity": 85,
                                "cloud": 74,
                                "feelslike_c": 6.5,
                                "feelslike_f": 43.7,
                                "windchill_c": 6.5,
                                "windchill_f": 43.7,
                                "heatindex_c": 9.5,
                                "heatindex_f": 49.1,
                                "dewpoint_c": 7.1,
                                "dewpoint_f": 44.8,
                                "will_it_rain": 0,
                                "chance_of_rain": 0,
                                "will_it_snow": 0,
                                "chance_of_snow": 0,
                                "vis_km": 10.0,
                                "vis_miles": 6.0,
                                "gust_mph": 24.0,
                                "gust_kph": 38.6,
                                "uv": 0
                            },
                            {
                                "time_epoch": 1740103200,
                                "time": "2025-02-21 02:00",
                                "temp_c": 9.1,
                                "temp_f": 48.4,
                                "is_day": 0,
                                "condition": {
                                    "text": "Clear",
                                    "icon": "//cdn.weatherapi.com/weather/64x64/night/113.png",
                                    "code": 1000
                                },
                                "wind_mph": 16.1,
                                "wind_kph": 25.9,
                                "wind_degree": 159,
                                "wind_dir": "SSE",
                                "pressure_mb": 1007.0,
                                "pressure_in": 29.74,
                                "precip_mm": 0.0,
                                "precip_in": 0.0,
                                "snow_cm": 0.0,
                                "humidity": 87,
                                "cloud": 0,
                                "feelslike_c": 6.5,
                                "feelslike_f": 43.7,
                                "windchill_c": 6.5,
                                "windchill_f": 43.7,
                                "heatindex_c": 9.7,
                                "heatindex_f": 49.5,
                                "dewpoint_c": 7.0,
                                "dewpoint_f": 44.5,
                                "will_it_rain": 0,
                                "chance_of_rain": 0,
                                "will_it_snow": 0,
                                "chance_of_snow": 0,
                                "vis_km": 10.0,
                                "vis_miles": 6.0,
                                "gust_mph": 27.4,
                                "gust_kph": 44.1,
                                "uv": 0
                            },
                            {
                                "time_epoch": 1740106800,
                                "time": "2025-02-21 03:00",
                                "temp_c": 9.5,
                                "temp_f": 49.2,
                                "is_day": 0,
                                "condition": {
                                    "text": "Overcast ",
                                    "icon": "//cdn.weatherapi.com/weather/64x64/night/122.png",
                                    "code": 1009
                                },
                                "wind_mph": 18.3,
                                "wind_kph": 29.5,
                                "wind_degree": 157,
                                "wind_dir": "SSE",
                                "pressure_mb": 1006.0,
                                "pressure_in": 29.71,
                                "precip_mm": 0.0,
                                "precip_in": 0.0,
                                "snow_cm": 0.0,
                                "humidity": 90,
                                "cloud": 100,
                                "feelslike_c": 6.0,
                                "feelslike_f": 42.8,
                                "windchill_c": 6.0,
                                "windchill_f": 42.8,
                                "heatindex_c": 9.6,
                                "heatindex_f": 49.2,
                                "dewpoint_c": 7.9,
                                "dewpoint_f": 46.2,
                                "will_it_rain": 0,
                                "chance_of_rain": 0,
                                "will_it_snow": 0,
                                "chance_of_snow": 0,
                                "vis_km": 10.0,
                                "vis_miles": 6.0,
                                "gust_mph": 29.4,
                                "gust_kph": 47.4,
                                "uv": 0
                            },
                            {
                                "time_epoch": 1740110400,
                                "time": "2025-02-21 04:00",
                                "temp_c": 10.2,
                                "temp_f": 50.4,
                                "is_day": 0,
                                "condition": {
                                    "text": "Overcast ",
                                    "icon": "//cdn.weatherapi.com/weather/64x64/night/122.png",
                                    "code": 1009
                                },
                                "wind_mph": 19.5,
                                "wind_kph": 31.3,
                                "wind_degree": 157,
                                "wind_dir": "SSE",
                                "pressure_mb": 1005.0,
                                "pressure_in": 29.68,
                                "precip_mm": 0.0,
                                "precip_in": 0.0,
                                "snow_cm": 0.0,
                                "humidity": 88,
                                "cloud": 100,
                                "feelslike_c": 6.8,
                                "feelslike_f": 44.2,
                                "windchill_c": 6.8,
                                "windchill_f": 44.2,
                                "heatindex_c": 10.2,
                                "heatindex_f": 50.4,
                                "dewpoint_c": 8.3,
                                "dewpoint_f": 46.9,
                                "will_it_rain": 0,
                                "chance_of_rain": 0,
                                "will_it_snow": 0,
                                "chance_of_snow": 0,
                                "vis_km": 10.0,
                                "vis_miles": 6.0,
                                "gust_mph": 31.2,
                                "gust_kph": 50.3,
                                "uv": 0
                            },
                            {
                                "time_epoch": 1740114000,
                                "time": "2025-02-21 05:00",
                                "temp_c": 10.6,
                                "temp_f": 51.1,
                                "is_day": 0,
                                "condition": {
                                    "text": "Overcast ",
                                    "icon": "//cdn.weatherapi.com/weather/64x64/night/122.png",
                                    "code": 1009
                                },
                                "wind_mph": 20.1,
                                "wind_kph": 32.4,
                                "wind_degree": 154,
                                "wind_dir": "SSE",
                                "pressure_mb": 1004.0,
                                "pressure_in": 29.64,
                                "precip_mm": 0.0,
                                "precip_in": 0.0,
                                "snow_cm": 0.0,
                                "humidity": 88,
                                "cloud": 100,
                                "feelslike_c": 7.3,
                                "feelslike_f": 45.1,
                                "windchill_c": 7.3,
                                "windchill_f": 45.1,
                                "heatindex_c": 10.6,
                                "heatindex_f": 51.2,
                                "dewpoint_c": 8.8,
                                "dewpoint_f": 47.8,
                                "will_it_rain": 0,
                                "chance_of_rain": 0,
                                "will_it_snow": 0,
                                "chance_of_snow": 0,
                                "vis_km": 10.0,
                                "vis_miles": 6.0,
                                "gust_mph": 31.8,
                                "gust_kph": 51.2,
                                "uv": 0
                            },
                            {
                                "time_epoch": 1740117600,
                                "time": "2025-02-21 06:00",
                                "temp_c": 11.2,
                                "temp_f": 52.2,
                                "is_day": 0,
                                "condition": {
                                    "text": "Light drizzle",
                                    "icon": "//cdn.weatherapi.com/weather/64x64/night/266.png",
                                    "code": 1153
                                },
                                "wind_mph": 21.7,
                                "wind_kph": 34.9,
                                "wind_degree": 155,
                                "wind_dir": "SSE",
                                "pressure_mb": 1002.0,
                                "pressure_in": 29.6,
                                "precip_mm": 0.69,
                                "precip_in": 0.03,
                                "snow_cm": 0.0,
                                "humidity": 90,
                                "cloud": 100,
                                "feelslike_c": 7.9,
                                "feelslike_f": 46.2,
                                "windchill_c": 7.9,
                                "windchill_f": 46.2,
                                "heatindex_c": 11.3,
                                "heatindex_f": 52.3,
                                "dewpoint_c": 9.7,
                                "dewpoint_f": 49.5,
                                "will_it_rain": 1,
                                "chance_of_rain": 100,
                                "will_it_snow": 0,
                                "chance_of_snow": 0,
                                "vis_km": 2.0,
                                "vis_miles": 1.0,
                                "gust_mph": 34.7,
                                "gust_kph": 55.8,
                                "uv": 0
                            },
                            {
                                "time_epoch": 1740121200,
                                "time": "2025-02-21 07:00",
                                "temp_c": 11.7,
                                "temp_f": 53.0,
                                "is_day": 0,
                                "condition": {
                                    "text": "Light drizzle",
                                    "icon": "//cdn.weatherapi.com/weather/64x64/night/266.png",
                                    "code": 1153
                                },
                                "wind_mph": 21.5,
                                "wind_kph": 34.6,
                                "wind_degree": 158,
                                "wind_dir": "SSE",
                                "pressure_mb": 1001.0,
                                "pressure_in": 29.57,
                                "precip_mm": 0.34,
                                "precip_in": 0.01,
                                "snow_cm": 0.0,
                                "humidity": 91,
                                "cloud": 100,
                                "feelslike_c": 8.5,
                                "feelslike_f": 47.3,
                                "windchill_c": 8.5,
                                "windchill_f": 47.3,
                                "heatindex_c": 11.7,
                                "heatindex_f": 53.0,
                                "dewpoint_c": 10.3,
                                "dewpoint_f": 50.5,
                                "will_it_rain": 1,
                                "chance_of_rain": 100,
                                "will_it_snow": 0,
                                "chance_of_snow": 0,
                                "vis_km": 2.0,
                                "vis_miles": 1.0,
                                "gust_mph": 34.6,
                                "gust_kph": 55.7,
                                "uv": 0
                            },
                            {
                                "time_epoch": 1740124800,
                                "time": "2025-02-21 08:00",
                                "temp_c": 11.8,
                                "temp_f": 53.2,
                                "is_day": 1,
                                "condition": {
                                    "text": "Light drizzle",
                                    "icon": "//cdn.weatherapi.com/weather/64x64/day/266.png",
                                    "code": 1153
                                },
                                "wind_mph": 21.9,
                                "wind_kph": 35.3,
                                "wind_degree": 161,
                                "wind_dir": "SSE",
                                "pressure_mb": 1001.0,
                                "pressure_in": 29.56,
                                "precip_mm": 0.29,
                                "precip_in": 0.01,
                                "snow_cm": 0.0,
                                "humidity": 90,
                                "cloud": 100,
                                "feelslike_c": 8.6,
                                "feelslike_f": 47.4,
                                "windchill_c": 8.6,
                                "windchill_f": 47.4,
                                "heatindex_c": 11.8,
                                "heatindex_f": 53.2,
                                "dewpoint_c": 10.2,
                                "dewpoint_f": 50.4,
                                "will_it_rain": 1,
                                "chance_of_rain": 100,
                                "will_it_snow": 0,
                                "chance_of_snow": 0,
                                "vis_km": 2.0,
                                "vis_miles": 1.0,
                                "gust_mph": 35.3,
                                "gust_kph": 56.7,
                                "uv": 0.0
                            },
                            {
                                "time_epoch": 1740128400,
                                "time": "2025-02-21 09:00",
                                "temp_c": 12.7,
                                "temp_f": 54.8,
                                "is_day": 1,
                                "condition": {
                                    "text": "Patchy rain nearby",
                                    "icon": "//cdn.weatherapi.com/weather/64x64/day/176.png",
                                    "code": 1063
                                },
                                "wind_mph": 22.4,
                                "wind_kph": 36.0,
                                "wind_degree": 169,
                                "wind_dir": "S",
                                "pressure_mb": 1000.0,
                                "pressure_in": 29.53,
                                "precip_mm": 0.02,
                                "precip_in": 0.0,
                                "snow_cm": 0.0,
                                "humidity": 82,
                                "cloud": 100,
                                "feelslike_c": 9.8,
                                "feelslike_f": 49.6,
                                "windchill_c": 9.8,
                                "windchill_f": 49.6,
                                "heatindex_c": 12.7,
                                "heatindex_f": 54.8,
                                "dewpoint_c": 9.7,
                                "dewpoint_f": 49.4,
                                "will_it_rain": 1,
                                "chance_of_rain": 85,
                                "will_it_snow": 0,
                                "chance_of_snow": 0,
                                "vis_km": 10.0,
                                "vis_miles": 6.0,
                                "gust_mph": 37.8,
                                "gust_kph": 60.8,
                                "uv": 0.0
                            },
                            {
                                "time_epoch": 1740132000,
                                "time": "2025-02-21 10:00",
                                "temp_c": 12.6,
                                "temp_f": 54.7,
                                "is_day": 1,
                                "condition": {
                                    "text": "Overcast ",
                                    "icon": "//cdn.weatherapi.com/weather/64x64/day/122.png",
                                    "code": 1009
                                },
                                "wind_mph": 25.1,
                                "wind_kph": 40.3,
                                "wind_degree": 165,
                                "wind_dir": "SSE",
                                "pressure_mb": 999.0,
                                "pressure_in": 29.51,
                                "precip_mm": 0.0,
                                "precip_in": 0.0,
                                "snow_cm": 0.0,
                                "humidity": 82,
                                "cloud": 100,
                                "feelslike_c": 9.4,
                                "feelslike_f": 49.0,
                                "windchill_c": 9.4,
                                "windchill_f": 49.0,
                                "heatindex_c": 12.6,
                                "heatindex_f": 54.7,
                                "dewpoint_c": 9.6,
                                "dewpoint_f": 49.3,
                                "will_it_rain": 0,
                                "chance_of_rain": 0,
                                "will_it_snow": 0,
                                "chance_of_snow": 0,
                                "vis_km": 10.0,
                                "vis_miles": 6.0,
                                "gust_mph": 39.9,
                                "gust_kph": 64.2,
                                "uv": 0.1
                            },
                            {
                                "time_epoch": 1740135600,
                                "time": "2025-02-21 11:00",
                                "temp_c": 13.1,
                                "temp_f": 55.5,
                                "is_day": 1,
                                "condition": {
                                    "text": "Patchy rain nearby",
                                    "icon": "//cdn.weatherapi.com/weather/64x64/day/176.png",
                                    "code": 1063
                                },
                                "wind_mph": 26.8,
                                "wind_kph": 43.2,
                                "wind_degree": 169,
                                "wind_dir": "S",
                                "pressure_mb": 999.0,
                                "pressure_in": 29.49,
                                "precip_mm": 0.1,
                                "precip_in": 0.0,
                                "snow_cm": 0.0,
                                "humidity": 78,
                                "cloud": 100,
                                "feelslike_c": 10.0,
                                "feelslike_f": 49.9,
                                "windchill_c": 10.0,
                                "windchill_f": 49.9,
                                "heatindex_c": 13.1,
                                "heatindex_f": 55.5,
                                "dewpoint_c": 9.3,
                                "dewpoint_f": 48.8,
                                "will_it_rain": 1,
                                "chance_of_rain": 100,
                                "will_it_snow": 0,
                                "chance_of_snow": 0,
                                "vis_km": 10.0,
                                "vis_miles": 6.0,
                                "gust_mph": 42.5,
                                "gust_kph": 68.4,
                                "uv": 0.3
                            },
                            {
                                "time_epoch": 1740139200,
                                "time": "2025-02-21 12:00",
                                "temp_c": 13.0,
                                "temp_f": 55.4,
                                "is_day": 1,
                                "condition": {
                                    "text": "Patchy rain nearby",
                                    "icon": "//cdn.weatherapi.com/weather/64x64/day/176.png",
                                    "code": 1063
                                },
                                "wind_mph": 25.7,
                                "wind_kph": 41.4,
                                "wind_degree": 173,
                                "wind_dir": "S",
                                "pressure_mb": 998.0,
                                "pressure_in": 29.47,
                                "precip_mm": 0.02,
                                "precip_in": 0.0,
                                "snow_cm": 0.0,
                                "humidity": 75,
                                "cloud": 100,
                                "feelslike_c": 9.9,
                                "feelslike_f": 49.9,
                                "windchill_c": 9.9,
                                "windchill_f": 49.9,
                                "heatindex_c": 13.0,
                                "heatindex_f": 55.4,
                                "dewpoint_c": 8.8,
                                "dewpoint_f": 47.8,
                                "will_it_rain": 1,
                                "chance_of_rain": 88,
                                "will_it_snow": 0,
                                "chance_of_snow": 0,
                                "vis_km": 10.0,
                                "vis_miles": 6.0,
                                "gust_mph": 41.4,
                                "gust_kph": 66.6,
                                "uv": 0.3
                            },
                            {
                                "time_epoch": 1740142800,
                                "time": "2025-02-21 13:00",
                                "temp_c": 12.4,
                                "temp_f": 54.3,
                                "is_day": 1,
                                "condition": {
                                    "text": "Light drizzle",
                                    "icon": "//cdn.weatherapi.com/weather/64x64/day/266.png",
                                    "code": 1153
                                },
                                "wind_mph": 23.9,
                                "wind_kph": 38.5,
                                "wind_degree": 169,
                                "wind_dir": "S",
                                "pressure_mb": 997.0,
                                "pressure_in": 29.43,
                                "precip_mm": 0.6,
                                "precip_in": 0.02,
                                "snow_cm": 0.0,
                                "humidity": 81,
                                "cloud": 100,
                                "feelslike_c": 9.3,
                                "feelslike_f": 48.7,
                                "windchill_c": 9.3,
                                "windchill_f": 48.7,
                                "heatindex_c": 12.4,
                                "heatindex_f": 54.3,
                                "dewpoint_c": 9.2,
                                "dewpoint_f": 48.6,
                                "will_it_rain": 1,
                                "chance_of_rain": 100,
                                "will_it_snow": 0,
                                "chance_of_snow": 0,
                                "vis_km": 2.0,
                                "vis_miles": 1.0,
                                "gust_mph": 37.3,
                                "gust_kph": 60.1,
                                "uv": 0.2
                            },
                            {
                                "time_epoch": 1740146400,
                                "time": "2025-02-21 14:00",
                                "temp_c": 12.4,
                                "temp_f": 54.3,
                                "is_day": 1,
                                "condition": {
                                    "text": "Light drizzle",
                                    "icon": "//cdn.weatherapi.com/weather/64x64/day/266.png",
                                    "code": 1153
                                },
                                "wind_mph": 23.7,
                                "wind_kph": 38.2,
                                "wind_degree": 190,
                                "wind_dir": "S",
                                "pressure_mb": 998.0,
                                "pressure_in": 29.46,
                                "precip_mm": 0.3,
                                "precip_in": 0.01,
                                "snow_cm": 0.0,
                                "humidity": 81,
                                "cloud": 100,
                                "feelslike_c": 9.2,
                                "feelslike_f": 48.6,
                                "windchill_c": 9.2,
                                "windchill_f": 48.6,
                                "heatindex_c": 12.4,
                                "heatindex_f": 54.3,
                                "dewpoint_c": 9.2,
                                "dewpoint_f": 48.5,
                                "will_it_rain": 1,
                                "chance_of_rain": 100,
                                "will_it_snow": 0,
                                "chance_of_snow": 0,
                                "vis_km": 2.0,
                                "vis_miles": 1.0,
                                "gust_mph": 38.3,
                                "gust_kph": 61.7,
                                "uv": 0.1
                            },
                            {
                                "time_epoch": 1740150000,
                                "time": "2025-02-21 15:00",
                                "temp_c": 12.0,
                                "temp_f": 53.5,
                                "is_day": 1,
                                "condition": {
                                    "text": "Patchy rain nearby",
                                    "icon": "//cdn.weatherapi.com/weather/64x64/day/176.png",
                                    "code": 1063
                                },
                                "wind_mph": 20.1,
                                "wind_kph": 32.4,
                                "wind_degree": 214,
                                "wind_dir": "SW",
                                "pressure_mb": 999.0,
                                "pressure_in": 29.51,
                                "precip_mm": 0.06,
                                "precip_in": 0.0,
                                "snow_cm": 0.0,
                                "humidity": 77,
                                "cloud": 73,
                                "feelslike_c": 9.0,
                                "feelslike_f": 48.2,
                                "windchill_c": 9.0,
                                "windchill_f": 48.2,
                                "heatindex_c": 12.0,
                                "heatindex_f": 53.5,
                                "dewpoint_c": 8.1,
                                "dewpoint_f": 46.7,
                                "will_it_rain": 1,
                                "chance_of_rain": 100,
                                "will_it_snow": 0,
                                "chance_of_snow": 0,
                                "vis_km": 10.0,
                                "vis_miles": 6.0,
                                "gust_mph": 31.7,
                                "gust_kph": 51.0,
                                "uv": 0.0
                            },
                            {
                                "time_epoch": 1740153600,
                                "time": "2025-02-21 16:00",
                                "temp_c": 10.4,
                                "temp_f": 50.8,
                                "is_day": 1,
                                "condition": {
                                    "text": "Partly Cloudy ",
                                    "icon": "//cdn.weatherapi.com/weather/64x64/day/116.png",
                                    "code": 1003
                                },
                                "wind_mph": 11.9,
                                "wind_kph": 19.1,
                                "wind_degree": 224,
                                "wind_dir": "SW",
                                "pressure_mb": 1000.0,
                                "pressure_in": 29.54,
                                "precip_mm": 0.0,
                                "precip_in": 0.0,
                                "snow_cm": 0.0,
                                "humidity": 74,
                                "cloud": 27,
                                "feelslike_c": 8.0,
                                "feelslike_f": 46.4,
                                "windchill_c": 8.0,
                                "windchill_f": 46.4,
                                "heatindex_c": 10.4,
                                "heatindex_f": 50.8,
                                "dewpoint_c": 6.1,
                                "dewpoint_f": 42.9,
                                "will_it_rain": 0,
                                "chance_of_rain": 0,
                                "will_it_snow": 0,
                                "chance_of_snow": 0,
                                "vis_km": 10.0,
                                "vis_miles": 6.0,
                                "gust_mph": 18.5,
                                "gust_kph": 29.7,
                                "uv": 0.2
                            },
                            {
                                "time_epoch": 1740157200,
                                "time": "2025-02-21 17:00",
                                "temp_c": 9.8,
                                "temp_f": 49.6,
                                "is_day": 1,
                                "condition": {
                                    "text": "Partly Cloudy ",
                                    "icon": "//cdn.weatherapi.com/weather/64x64/day/116.png",
                                    "code": 1003
                                },
                                "wind_mph": 10.3,
                                "wind_kph": 16.6,
                                "wind_degree": 206,
                                "wind_dir": "SSW",
                                "pressure_mb": 1001.0,
                                "pressure_in": 29.56,
                                "precip_mm": 0.0,
                                "precip_in": 0.0,
                                "snow_cm": 0.0,
                                "humidity": 76,
                                "cloud": 41,
                                "feelslike_c": 7.4,
                                "feelslike_f": 45.4,
                                "windchill_c": 7.4,
                                "windchill_f": 45.4,
                                "heatindex_c": 9.8,
                                "heatindex_f": 49.6,
                                "dewpoint_c": 5.8,
                                "dewpoint_f": 42.5,
                                "will_it_rain": 0,
                                "chance_of_rain": 0,
                                "will_it_snow": 0,
                                "chance_of_snow": 0,
                                "vis_km": 10.0,
                                "vis_miles": 6.0,
                                "gust_mph": 16.8,
                                "gust_kph": 27.1,
                                "uv": 0.0
                            },
                            {
                                "time_epoch": 1740160800,
                                "time": "2025-02-21 18:00",
                                "temp_c": 9.2,
                                "temp_f": 48.5,
                                "is_day": 0,
                                "condition": {
                                    "text": "Partly Cloudy ",
                                    "icon": "//cdn.weatherapi.com/weather/64x64/night/116.png",
                                    "code": 1003
                                },
                                "wind_mph": 9.6,
                                "wind_kph": 15.5,
                                "wind_degree": 202,
                                "wind_dir": "SSW",
                                "pressure_mb": 1002.0,
                                "pressure_in": 29.58,
                                "precip_mm": 0.0,
                                "precip_in": 0.0,
                                "snow_cm": 0.0,
                                "humidity": 79,
                                "cloud": 27,
                                "feelslike_c": 6.8,
                                "feelslike_f": 44.3,
                                "windchill_c": 6.8,
                                "windchill_f": 44.3,
                                "heatindex_c": 9.2,
                                "heatindex_f": 48.5,
                                "dewpoint_c": 5.7,
                                "dewpoint_f": 42.3,
                                "will_it_rain": 0,
                                "chance_of_rain": 0,
                                "will_it_snow": 0,
                                "chance_of_snow": 0,
                                "vis_km": 10.0,
                                "vis_miles": 6.0,
                                "gust_mph": 16.6,
                                "gust_kph": 26.7,
                                "uv": 0
                            },
                            {
                                "time_epoch": 1740164400,
                                "time": "2025-02-21 19:00",
                                "temp_c": 8.7,
                                "temp_f": 47.6,
                                "is_day": 0,
                                "condition": {
                                    "text": "Partly Cloudy ",
                                    "icon": "//cdn.weatherapi.com/weather/64x64/night/116.png",
                                    "code": 1003
                                },
                                "wind_mph": 8.3,
                                "wind_kph": 13.3,
                                "wind_degree": 183,
                                "wind_dir": "S",
                                "pressure_mb": 1002.0,
                                "pressure_in": 29.6,
                                "precip_mm": 0.0,
                                "precip_in": 0.0,
                                "snow_cm": 0.0,
                                "humidity": 81,
                                "cloud": 31,
                                "feelslike_c": 6.5,
                                "feelslike_f": 43.7,
                                "windchill_c": 6.5,
                                "windchill_f": 43.7,
                                "heatindex_c": 8.7,
                                "heatindex_f": 47.6,
                                "dewpoint_c": 5.6,
                                "dewpoint_f": 42.1,
                                "will_it_rain": 0,
                                "chance_of_rain": 0,
                                "will_it_snow": 0,
                                "chance_of_snow": 0,
                                "vis_km": 10.0,
                                "vis_miles": 6.0,
                                "gust_mph": 14.9,
                                "gust_kph": 23.9,
                                "uv": 0
                            },
                            {
                                "time_epoch": 1740168000,
                                "time": "2025-02-21 20:00",
                                "temp_c": 8.5,
                                "temp_f": 47.2,
                                "is_day": 0,
                                "condition": {
                                    "text": "Partly Cloudy ",
                                    "icon": "//cdn.weatherapi.com/weather/64x64/night/116.png",
                                    "code": 1003
                                },
                                "wind_mph": 8.7,
                                "wind_kph": 14.0,
                                "wind_degree": 170,
                                "wind_dir": "S",
                                "pressure_mb": 1003.0,
                                "pressure_in": 29.63,
                                "precip_mm": 0.0,
                                "precip_in": 0.0,
                                "snow_cm": 0.0,
                                "humidity": 82,
                                "cloud": 30,
                                "feelslike_c": 6.2,
                                "feelslike_f": 43.1,
                                "windchill_c": 6.2,
                                "windchill_f": 43.1,
                                "heatindex_c": 8.5,
                                "heatindex_f": 47.2,
                                "dewpoint_c": 5.7,
                                "dewpoint_f": 42.2,
                                "will_it_rain": 0,
                                "chance_of_rain": 0,
                                "will_it_snow": 0,
                                "chance_of_snow": 0,
                                "vis_km": 10.0,
                                "vis_miles": 6.0,
                                "gust_mph": 15.6,
                                "gust_kph": 25.1,
                                "uv": 0
                            },
                            {
                                "time_epoch": 1740171600,
                                "time": "2025-02-21 21:00",
                                "temp_c": 8.2,
                                "temp_f": 46.8,
                                "is_day": 0,
                                "condition": {
                                    "text": "Clear ",
                                    "icon": "//cdn.weatherapi.com/weather/64x64/night/113.png",
                                    "code": 1000
                                },
                                "wind_mph": 8.9,
                                "wind_kph": 14.4,
                                "wind_degree": 170,
                                "wind_dir": "S",
                                "pressure_mb": 1004.0,
                                "pressure_in": 29.65,
                                "precip_mm": 0.0,
                                "precip_in": 0.0,
                                "snow_cm": 0.0,
                                "humidity": 85,
                                "cloud": 12,
                                "feelslike_c": 5.8,
                                "feelslike_f": 42.4,
                                "windchill_c": 5.8,
                                "windchill_f": 42.4,
                                "heatindex_c": 8.2,
                                "heatindex_f": 46.8,
                                "dewpoint_c": 5.9,
                                "dewpoint_f": 42.5,
                                "will_it_rain": 0,
                                "chance_of_rain": 0,
                                "will_it_snow": 0,
                                "chance_of_snow": 0,
                                "vis_km": 10.0,
                                "vis_miles": 6.0,
                                "gust_mph": 15.6,
                                "gust_kph": 25.1,
                                "uv": 0
                            },
                            {
                                "time_epoch": 1740175200,
                                "time": "2025-02-21 22:00",
                                "temp_c": 8.1,
                                "temp_f": 46.5,
                                "is_day": 0,
                                "condition": {
                                    "text": "Clear ",
                                    "icon": "//cdn.weatherapi.com/weather/64x64/night/113.png",
                                    "code": 1000
                                },
                                "wind_mph": 8.7,
                                "wind_kph": 14.0,
                                "wind_degree": 171,
                                "wind_dir": "S",
                                "pressure_mb": 1004.0,
                                "pressure_in": 29.65,
                                "precip_mm": 0.0,
                                "precip_in": 0.0,
                                "snow_cm": 0.0,
                                "humidity": 86,
                                "cloud": 9,
                                "feelslike_c": 5.7,
                                "feelslike_f": 42.2,
                                "windchill_c": 5.7,
                                "windchill_f": 42.2,
                                "heatindex_c": 8.1,
                                "heatindex_f": 46.5,
                                "dewpoint_c": 5.8,
                                "dewpoint_f": 42.4,
                                "will_it_rain": 0,
                                "chance_of_rain": 0,
                                "will_it_snow": 0,
                                "chance_of_snow": 0,
                                "vis_km": 10.0,
                                "vis_miles": 6.0,
                                "gust_mph": 15.3,
                                "gust_kph": 24.7,
                                "uv": 0
                            },
                            {
                                "time_epoch": 1740178800,
                                "time": "2025-02-21 23:00",
                                "temp_c": 7.8,
                                "temp_f": 46.0,
                                "is_day": 0,
                                "condition": {
                                    "text": "Clear ",
                                    "icon": "//cdn.weatherapi.com/weather/64x64/night/113.png",
                                    "code": 1000
                                },
                                "wind_mph": 8.3,
                                "wind_kph": 13.3,
                                "wind_degree": 159,
                                "wind_dir": "SSE",
                                "pressure_mb": 1004.0,
                                "pressure_in": 29.65,
                                "precip_mm": 0.0,
                                "precip_in": 0.0,
                                "snow_cm": 0.0,
                                "humidity": 87,
                                "cloud": 9,
                                "feelslike_c": 5.4,
                                "feelslike_f": 41.7,
                                "windchill_c": 5.4,
                                "windchill_f": 41.7,
                                "heatindex_c": 7.8,
                                "heatindex_f": 46.0,
                                "dewpoint_c": 5.7,
                                "dewpoint_f": 42.2,
                                "will_it_rain": 0,
                                "chance_of_rain": 0,
                                "will_it_snow": 0,
                                "chance_of_snow": 0,
                                "vis_km": 10.0,
                                "vis_miles": 6.0,
                                "gust_mph": 15.0,
                                "gust_kph": 24.1,
                                "uv": 0
                            }
                        ]
                    }
                ]
            }
        }
    ],
    "kwargs": {
        "table_path": [
            "forecast",
            "forecastday",
            0,
            "hour"
        ]
    },
    "event": "pre-call",
    "timestamp": "2025-02-21T02:17:46.522180Z",
    "level": "info"
},
{
    "func": "convert_json_to_df",
    "result": "<Success: shape: (24, 34)\n\u250c\u2500\u2500\u2500\u2500\u2500\u2500\u2500\u2500\u2500\u2500\u2500\u2500\u252c\u2500\u2500\u2500\u2500\u2500\u2500\u2500\u2500\u2500\u2500\u2500\u2500\u2500\u2500\u2500\u2500\u2500\u2500\u252c\u2500\u2500\u2500\u2500\u2500\u2500\u2500\u2500\u252c\u2500\u2500\u2500\u2500\u2500\u2500\u2500\u2500\u252c\u2500\u2500\u2500\u252c\u2500\u2500\u2500\u2500\u2500\u2500\u2500\u2500\u2500\u2500\u2500\u252c\u2500\u2500\u2500\u2500\u2500\u2500\u2500\u2500\u2500\u2500\u252c\u2500\u2500\u2500\u2500\u2500\u2500\u2500\u2500\u2500\u2500\u252c\u2500\u2500\u2500\u2500\u2500\u2510\n\u2502 time_epoch \u2506 time             \u2506 temp_c \u2506 temp_f \u2506 \u2026 \u2506 vis_miles \u2506 gust_mph \u2506 gust_kph \u2506 uv  \u2502\n\u2502 ---        \u2506 ---              \u2506 ---    \u2506 ---    \u2506   \u2506 ---       \u2506 ---      \u2506 ---      \u2506 --- \u2502\n\u2502 i64        \u2506 str              \u2506 f64    \u2506 f64    \u2506   \u2506 f64       \u2506 f64      \u2506 f64      \u2506 f64 \u2502\n\u255e\u2550\u2550\u2550\u2550\u2550\u2550\u2550\u2550\u2550\u2550\u2550\u2550\u256a\u2550\u2550\u2550\u2550\u2550\u2550\u2550\u2550\u2550\u2550\u2550\u2550\u2550\u2550\u2550\u2550\u2550\u2550\u256a\u2550\u2550\u2550\u2550\u2550\u2550\u2550\u2550\u256a\u2550\u2550\u2550\u2550\u2550\u2550\u2550\u2550\u256a\u2550\u2550\u2550\u256a\u2550\u2550\u2550\u2550\u2550\u2550\u2550\u2550\u2550\u2550\u2550\u256a\u2550\u2550\u2550\u2550\u2550\u2550\u2550\u2550\u2550\u2550\u256a\u2550\u2550\u2550\u2550\u2550\u2550\u2550\u2550\u2550\u2550\u256a\u2550\u2550\u2550\u2550\u2550\u2561\n\u2502 1740096000 \u2506 2025-02-21 00:00 \u2506 9.0    \u2506 48.1   \u2506 \u2026 \u2506 6.0       \u2506 22.9     \u2506 36.9     \u2506 0.0 \u2502\n\u2502 1740099600 \u2506 2025-02-21 01:00 \u2506 9.5    \u2506 49.1   \u2506 \u2026 \u2506 6.0       \u2506 24.0     \u2506 38.6     \u2506 0.0 \u2502\n\u2502 1740103200 \u2506 2025-02-21 02:00 \u2506 9.1    \u2506 48.4   \u2506 \u2026 \u2506 6.0       \u2506 27.4     \u2506 44.1     \u2506 0.0 \u2502\n\u2502 1740106800 \u2506 2025-02-21 03:00 \u2506 9.5    \u2506 49.2   \u2506 \u2026 \u2506 6.0       \u2506 29.4     \u2506 47.4     \u2506 0.0 \u2502\n\u2502 1740110400 \u2506 2025-02-21 04:00 \u2506 10.2   \u2506 50.4   \u2506 \u2026 \u2506 6.0       \u2506 31.2     \u2506 50.3     \u2506 0.0 \u2502\n\u2502 \u2026          \u2506 \u2026                \u2506 \u2026      \u2506 \u2026      \u2506 \u2026 \u2506 \u2026         \u2506 \u2026        \u2506 \u2026        \u2506 \u2026   \u2502\n\u2502 1740164400 \u2506 2025-02-21 19:00 \u2506 8.7    \u2506 47.6   \u2506 \u2026 \u2506 6.0       \u2506 14.9     \u2506 23.9     \u2506 0.0 \u2502\n\u2502 1740168000 \u2506 2025-02-21 20:00 \u2506 8.5    \u2506 47.2   \u2506 \u2026 \u2506 6.0       \u2506 15.6     \u2506 25.1     \u2506 0.0 \u2502\n\u2502 1740171600 \u2506 2025-02-21 21:00 \u2506 8.2    \u2506 46.8   \u2506 \u2026 \u2506 6.0       \u2506 15.6     \u2506 25.1     \u2506 0.0 \u2502\n\u2502 1740175200 \u2506 2025-02-21 22:00 \u2506 8.1    \u2506 46.5   \u2506 \u2026 \u2506 6.0       \u2506 15.3     \u2506 24.7     \u2506 0.0 \u2502\n\u2502 1740178800 \u2506 2025-02-21 23:00 \u2506 7.8    \u2506 46.0   \u2506 \u2026 \u2506 6.0       \u2506 15.0     \u2506 24.1     \u2506 0.0 \u2502\n\u2514\u2500\u2500\u2500\u2500\u2500\u2500\u2500\u2500\u2500\u2500\u2500\u2500\u2534\u2500\u2500\u2500\u2500\u2500\u2500\u2500\u2500\u2500\u2500\u2500\u2500\u2500\u2500\u2500\u2500\u2500\u2500\u2534\u2500\u2500\u2500\u2500\u2500\u2500\u2500\u2500\u2534\u2500\u2500\u2500\u2500\u2500\u2500\u2500\u2500\u2534\u2500\u2500\u2500\u2534\u2500\u2500\u2500\u2500\u2500\u2500\u2500\u2500\u2500\u2500\u2500\u2534\u2500\u2500\u2500\u2500\u2500\u2500\u2500\u2500\u2500\u2500\u2534\u2500\u2500\u2500\u2500\u2500\u2500\u2500\u2500\u2500\u2500\u2534\u2500\u2500\u2500\u2500\u2500\u2518>",
    "event": "post-result",
    "timestamp": "2025-02-21T02:17:46.524365Z",
    "level": "info"
},
{
    "func": "add_ingestion_columns",
    "args": [
        "shape: (24, 34)\n\u250c\u2500\u2500\u2500\u2500\u2500\u2500\u2500\u2500\u2500\u2500\u2500\u2500\u252c\u2500\u2500\u2500\u2500\u2500\u2500\u2500\u2500\u2500\u2500\u2500\u2500\u2500\u2500\u2500\u2500\u2500\u2500\u252c\u2500\u2500\u2500\u2500\u2500\u2500\u2500\u2500\u252c\u2500\u2500\u2500\u2500\u2500\u2500\u2500\u2500\u252c\u2500\u2500\u2500\u252c\u2500\u2500\u2500\u2500\u2500\u2500\u2500\u2500\u2500\u2500\u2500\u252c\u2500\u2500\u2500\u2500\u2500\u2500\u2500\u2500\u2500\u2500\u252c\u2500\u2500\u2500\u2500\u2500\u2500\u2500\u2500\u2500\u2500\u252c\u2500\u2500\u2500\u2500\u2500\u2510\n\u2502 time_epoch \u2506 time             \u2506 temp_c \u2506 temp_f \u2506 \u2026 \u2506 vis_miles \u2506 gust_mph \u2506 gust_kph \u2506 uv  \u2502\n\u2502 ---        \u2506 ---              \u2506 ---    \u2506 ---    \u2506   \u2506 ---       \u2506 ---      \u2506 ---      \u2506 --- \u2502\n\u2502 i64        \u2506 str              \u2506 f64    \u2506 f64    \u2506   \u2506 f64       \u2506 f64      \u2506 f64      \u2506 f64 \u2502\n\u255e\u2550\u2550\u2550\u2550\u2550\u2550\u2550\u2550\u2550\u2550\u2550\u2550\u256a\u2550\u2550\u2550\u2550\u2550\u2550\u2550\u2550\u2550\u2550\u2550\u2550\u2550\u2550\u2550\u2550\u2550\u2550\u256a\u2550\u2550\u2550\u2550\u2550\u2550\u2550\u2550\u256a\u2550\u2550\u2550\u2550\u2550\u2550\u2550\u2550\u256a\u2550\u2550\u2550\u256a\u2550\u2550\u2550\u2550\u2550\u2550\u2550\u2550\u2550\u2550\u2550\u256a\u2550\u2550\u2550\u2550\u2550\u2550\u2550\u2550\u2550\u2550\u256a\u2550\u2550\u2550\u2550\u2550\u2550\u2550\u2550\u2550\u2550\u256a\u2550\u2550\u2550\u2550\u2550\u2561\n\u2502 1740096000 \u2506 2025-02-21 00:00 \u2506 9.0    \u2506 48.1   \u2506 \u2026 \u2506 6.0       \u2506 22.9     \u2506 36.9     \u2506 0.0 \u2502\n\u2502 1740099600 \u2506 2025-02-21 01:00 \u2506 9.5    \u2506 49.1   \u2506 \u2026 \u2506 6.0       \u2506 24.0     \u2506 38.6     \u2506 0.0 \u2502\n\u2502 1740103200 \u2506 2025-02-21 02:00 \u2506 9.1    \u2506 48.4   \u2506 \u2026 \u2506 6.0       \u2506 27.4     \u2506 44.1     \u2506 0.0 \u2502\n\u2502 1740106800 \u2506 2025-02-21 03:00 \u2506 9.5    \u2506 49.2   \u2506 \u2026 \u2506 6.0       \u2506 29.4     \u2506 47.4     \u2506 0.0 \u2502\n\u2502 1740110400 \u2506 2025-02-21 04:00 \u2506 10.2   \u2506 50.4   \u2506 \u2026 \u2506 6.0       \u2506 31.2     \u2506 50.3     \u2506 0.0 \u2502\n\u2502 \u2026          \u2506 \u2026                \u2506 \u2026      \u2506 \u2026      \u2506 \u2026 \u2506 \u2026         \u2506 \u2026        \u2506 \u2026        \u2506 \u2026   \u2502\n\u2502 1740164400 \u2506 2025-02-21 19:00 \u2506 8.7    \u2506 47.6   \u2506 \u2026 \u2506 6.0       \u2506 14.9     \u2506 23.9     \u2506 0.0 \u2502\n\u2502 1740168000 \u2506 2025-02-21 20:00 \u2506 8.5    \u2506 47.2   \u2506 \u2026 \u2506 6.0       \u2506 15.6     \u2506 25.1     \u2506 0.0 \u2502\n\u2502 1740171600 \u2506 2025-02-21 21:00 \u2506 8.2    \u2506 46.8   \u2506 \u2026 \u2506 6.0       \u2506 15.6     \u2506 25.1     \u2506 0.0 \u2502\n\u2502 1740175200 \u2506 2025-02-21 22:00 \u2506 8.1    \u2506 46.5   \u2506 \u2026 \u2506 6.0       \u2506 15.3     \u2506 24.7     \u2506 0.0 \u2502\n\u2502 1740178800 \u2506 2025-02-21 23:00 \u2506 7.8    \u2506 46.0   \u2506 \u2026 \u2506 6.0       \u2506 15.0     \u2506 24.1     \u2506 0.0 \u2502\n\u2514\u2500\u2500\u2500\u2500\u2500\u2500\u2500\u2500\u2500\u2500\u2500\u2500\u2534\u2500\u2500\u2500\u2500\u2500\u2500\u2500\u2500\u2500\u2500\u2500\u2500\u2500\u2500\u2500\u2500\u2500\u2500\u2534\u2500\u2500\u2500\u2500\u2500\u2500\u2500\u2500\u2534\u2500\u2500\u2500\u2500\u2500\u2500\u2500\u2500\u2534\u2500\u2500\u2500\u2534\u2500\u2500\u2500\u2500\u2500\u2500\u2500\u2500\u2500\u2500\u2500\u2534\u2500\u2500\u2500\u2500\u2500\u2500\u2500\u2500\u2500\u2500\u2534\u2500\u2500\u2500\u2500\u2500\u2500\u2500\u2500\u2500\u2500\u2534\u2500\u2500\u2500\u2500\u2500\u2518"
    ],
    "kwargs": {
        "batch_guid": "c858d636-b9a4-42b5-8050-b4e54c30b417",
        "date_time": "datetime.datetime(2025, 2, 21, 2, 17, 46, 328847)"
    },
    "event": "pre-call",
    "timestamp": "2025-02-21T02:17:46.524817Z",
    "level": "info"
},
{
    "func": "add_ingestion_columns",
    "result": "<Success: shape: (24, 37)\n\u250c\u2500\u2500\u2500\u2500\u2500\u2500\u2500\u2500\u2500\u2500\u2500\u2500\u252c\u2500\u2500\u2500\u2500\u2500\u2500\u2500\u2500\u2500\u2500\u2500\u2500\u2500\u2500\u252c\u2500\u2500\u2500\u2500\u2500\u2500\u2500\u2500\u252c\u2500\u2500\u2500\u2500\u2500\u2500\u2500\u2500\u252c\u2500\u2500\u2500\u252c\u2500\u2500\u2500\u2500\u2500\u252c\u2500\u2500\u2500\u2500\u2500\u2500\u2500\u2500\u2500\u2500\u2500\u2500\u2500\u2500\u252c\u2500\u2500\u2500\u2500\u2500\u2500\u2500\u2500\u2500\u2500\u2500\u2500\u2500\u252c\u2500\u2500\u2500\u2500\u2500\u2500\u2500\u2500\u2500\u2500\u2500\u2500\u2500\u2510\n\u2502 time_epoch \u2506 time         \u2506 temp_c \u2506 temp_f \u2506 \u2026 \u2506 uv  \u2506 row_guid     \u2506 batch_guid  \u2506 ingestion_d \u2502\n\u2502 ---        \u2506 ---          \u2506 ---    \u2506 ---    \u2506   \u2506 --- \u2506 ---          \u2506 ---         \u2506 atetime     \u2502\n\u2502 i64        \u2506 str          \u2506 f64    \u2506 f64    \u2506   \u2506 f64 \u2506 str          \u2506 str         \u2506 ---         \u2502\n\u2502            \u2506              \u2506        \u2506        \u2506   \u2506     \u2506              \u2506             \u2506 datetime[\u03bcs \u2502\n\u2502            \u2506              \u2506        \u2506        \u2506   \u2506     \u2506              \u2506             \u2506 ]           \u2502\n\u255e\u2550\u2550\u2550\u2550\u2550\u2550\u2550\u2550\u2550\u2550\u2550\u2550\u256a\u2550\u2550\u2550\u2550\u2550\u2550\u2550\u2550\u2550\u2550\u2550\u2550\u2550\u2550\u256a\u2550\u2550\u2550\u2550\u2550\u2550\u2550\u2550\u256a\u2550\u2550\u2550\u2550\u2550\u2550\u2550\u2550\u256a\u2550\u2550\u2550\u256a\u2550\u2550\u2550\u2550\u2550\u256a\u2550\u2550\u2550\u2550\u2550\u2550\u2550\u2550\u2550\u2550\u2550\u2550\u2550\u2550\u256a\u2550\u2550\u2550\u2550\u2550\u2550\u2550\u2550\u2550\u2550\u2550\u2550\u2550\u256a\u2550\u2550\u2550\u2550\u2550\u2550\u2550\u2550\u2550\u2550\u2550\u2550\u2550\u2561\n\u2502 1740096000 \u2506 2025-02-21   \u2506 9.0    \u2506 48.1   \u2506 \u2026 \u2506 0.0 \u2506 2cea1e8f-c46 \u2506 c858d636-b9 \u2506 2025-02-21  \u2502\n\u2502            \u2506 00:00        \u2506        \u2506        \u2506   \u2506     \u2506 f-4cf5-892a- \u2506 a4-42b5-805 \u2506 02:17:46.32 \u2502\n\u2502            \u2506              \u2506        \u2506        \u2506   \u2506     \u2506 1f7f27\u2026      \u2506 0-b4e54c\u2026   \u2506 8847        \u2502\n\u2502 1740099600 \u2506 2025-02-21   \u2506 9.5    \u2506 49.1   \u2506 \u2026 \u2506 0.0 \u2506 09a54ae7-9d6 \u2506 c858d636-b9 \u2506 2025-02-21  \u2502\n\u2502            \u2506 01:00        \u2506        \u2506        \u2506   \u2506     \u2506 f-402b-ab05- \u2506 a4-42b5-805 \u2506 02:17:46.32 \u2502\n\u2502            \u2506              \u2506        \u2506        \u2506   \u2506     \u2506 657ed3\u2026      \u2506 0-b4e54c\u2026   \u2506 8847        \u2502\n\u2502 1740103200 \u2506 2025-02-21   \u2506 9.1    \u2506 48.4   \u2506 \u2026 \u2506 0.0 \u2506 46ef3c45-2ce \u2506 c858d636-b9 \u2506 2025-02-21  \u2502\n\u2502            \u2506 02:00        \u2506        \u2506        \u2506   \u2506     \u2506 c-4deb-975c- \u2506 a4-42b5-805 \u2506 02:17:46.32 \u2502\n\u2502            \u2506              \u2506        \u2506        \u2506   \u2506     \u2506 ab4f17\u2026      \u2506 0-b4e54c\u2026   \u2506 8847        \u2502\n\u2502 1740106800 \u2506 2025-02-21   \u2506 9.5    \u2506 49.2   \u2506 \u2026 \u2506 0.0 \u2506 0bab0858-dbb \u2506 c858d636-b9 \u2506 2025-02-21  \u2502\n\u2502            \u2506 03:00        \u2506        \u2506        \u2506   \u2506     \u2506 0-467a-ae42- \u2506 a4-42b5-805 \u2506 02:17:46.32 \u2502\n\u2502            \u2506              \u2506        \u2506        \u2506   \u2506     \u2506 86db6c\u2026      \u2506 0-b4e54c\u2026   \u2506 8847        \u2502\n\u2502 1740110400 \u2506 2025-02-21   \u2506 10.2   \u2506 50.4   \u2506 \u2026 \u2506 0.0 \u2506 b6e6b492-238 \u2506 c858d636-b9 \u2506 2025-02-21  \u2502\n\u2502            \u2506 04:00        \u2506        \u2506        \u2506   \u2506     \u2506 8-481e-ad87- \u2506 a4-42b5-805 \u2506 02:17:46.32 \u2502\n\u2502            \u2506              \u2506        \u2506        \u2506   \u2506     \u2506 d6f483\u2026      \u2506 0-b4e54c\u2026   \u2506 8847        \u2502\n\u2502 \u2026          \u2506 \u2026            \u2506 \u2026      \u2506 \u2026      \u2506 \u2026 \u2506 \u2026   \u2506 \u2026            \u2506 \u2026           \u2506 \u2026           \u2502\n\u2502 1740164400 \u2506 2025-02-21   \u2506 8.7    \u2506 47.6   \u2506 \u2026 \u2506 0.0 \u2506 5a18dafa-5f6 \u2506 c858d636-b9 \u2506 2025-02-21  \u2502\n\u2502            \u2506 19:00        \u2506        \u2506        \u2506   \u2506     \u2506 b-4716-9460- \u2506 a4-42b5-805 \u2506 02:17:46.32 \u2502\n\u2502            \u2506              \u2506        \u2506        \u2506   \u2506     \u2506 6d7003\u2026      \u2506 0-b4e54c\u2026   \u2506 8847        \u2502\n\u2502 1740168000 \u2506 2025-02-21   \u2506 8.5    \u2506 47.2   \u2506 \u2026 \u2506 0.0 \u2506 007f5249-b0b \u2506 c858d636-b9 \u2506 2025-02-21  \u2502\n\u2502            \u2506 20:00        \u2506        \u2506        \u2506   \u2506     \u2506 9-4859-9930- \u2506 a4-42b5-805 \u2506 02:17:46.32 \u2502\n\u2502            \u2506              \u2506        \u2506        \u2506   \u2506     \u2506 cff831\u2026      \u2506 0-b4e54c\u2026   \u2506 8847        \u2502\n\u2502 1740171600 \u2506 2025-02-21   \u2506 8.2    \u2506 46.8   \u2506 \u2026 \u2506 0.0 \u2506 0baf1d5e-aae \u2506 c858d636-b9 \u2506 2025-02-21  \u2502\n\u2502            \u2506 21:00        \u2506        \u2506        \u2506   \u2506     \u2506 c-4ba3-af79- \u2506 a4-42b5-805 \u2506 02:17:46.32 \u2502\n\u2502            \u2506              \u2506        \u2506        \u2506   \u2506     \u2506 455d01\u2026      \u2506 0-b4e54c\u2026   \u2506 8847        \u2502\n\u2502 1740175200 \u2506 2025-02-21   \u2506 8.1    \u2506 46.5   \u2506 \u2026 \u2506 0.0 \u2506 c336f6d2-f83 \u2506 c858d636-b9 \u2506 2025-02-21  \u2502\n\u2502            \u2506 22:00        \u2506        \u2506        \u2506   \u2506     \u2506 d-4a73-be7d- \u2506 a4-42b5-805 \u2506 02:17:46.32 \u2502\n\u2502            \u2506              \u2506        \u2506        \u2506   \u2506     \u2506 976c75\u2026      \u2506 0-b4e54c\u2026   \u2506 8847        \u2502\n\u2502 1740178800 \u2506 2025-02-21   \u2506 7.8    \u2506 46.0   \u2506 \u2026 \u2506 0.0 \u2506 bc86e012-9ec \u2506 c858d636-b9 \u2506 2025-02-21  \u2502\n\u2502            \u2506 23:00        \u2506        \u2506        \u2506   \u2506     \u2506 2-43f2-a031- \u2506 a4-42b5-805 \u2506 02:17:46.32 \u2502\n\u2502            \u2506              \u2506        \u2506        \u2506   \u2506     \u2506 019f87\u2026      \u2506 0-b4e54c\u2026   \u2506 8847        \u2502\n\u2514\u2500\u2500\u2500\u2500\u2500\u2500\u2500\u2500\u2500\u2500\u2500\u2500\u2534\u2500\u2500\u2500\u2500\u2500\u2500\u2500\u2500\u2500\u2500\u2500\u2500\u2500\u2500\u2534\u2500\u2500\u2500\u2500\u2500\u2500\u2500\u2500\u2534\u2500\u2500\u2500\u2500\u2500\u2500\u2500\u2500\u2534\u2500\u2500\u2500\u2534\u2500\u2500\u2500\u2500\u2500\u2534\u2500\u2500\u2500\u2500\u2500\u2500\u2500\u2500\u2500\u2500\u2500\u2500\u2500\u2500\u2534\u2500\u2500\u2500\u2500\u2500\u2500\u2500\u2500\u2500\u2500\u2500\u2500\u2500\u2534\u2500\u2500\u2500\u2500\u2500\u2500\u2500\u2500\u2500\u2500\u2500\u2500\u2500\u2518>",
    "event": "post-result",
    "timestamp": "2025-02-21T02:17:46.527246Z",
    "level": "info"
},
{
    "func": "save_parquet",
    "args": [
        "shape: (24, 37)\n\u250c\u2500\u2500\u2500\u2500\u2500\u2500\u2500\u2500\u2500\u2500\u2500\u2500\u252c\u2500\u2500\u2500\u2500\u2500\u2500\u2500\u2500\u2500\u2500\u2500\u2500\u2500\u2500\u252c\u2500\u2500\u2500\u2500\u2500\u2500\u2500\u2500\u252c\u2500\u2500\u2500\u2500\u2500\u2500\u2500\u2500\u252c\u2500\u2500\u2500\u252c\u2500\u2500\u2500\u2500\u2500\u252c\u2500\u2500\u2500\u2500\u2500\u2500\u2500\u2500\u2500\u2500\u2500\u2500\u2500\u2500\u252c\u2500\u2500\u2500\u2500\u2500\u2500\u2500\u2500\u2500\u2500\u2500\u2500\u2500\u252c\u2500\u2500\u2500\u2500\u2500\u2500\u2500\u2500\u2500\u2500\u2500\u2500\u2500\u2510\n\u2502 time_epoch \u2506 time         \u2506 temp_c \u2506 temp_f \u2506 \u2026 \u2506 uv  \u2506 row_guid     \u2506 batch_guid  \u2506 ingestion_d \u2502\n\u2502 ---        \u2506 ---          \u2506 ---    \u2506 ---    \u2506   \u2506 --- \u2506 ---          \u2506 ---         \u2506 atetime     \u2502\n\u2502 i64        \u2506 str          \u2506 f64    \u2506 f64    \u2506   \u2506 f64 \u2506 str          \u2506 str         \u2506 ---         \u2502\n\u2502            \u2506              \u2506        \u2506        \u2506   \u2506     \u2506              \u2506             \u2506 datetime[\u03bcs \u2502\n\u2502            \u2506              \u2506        \u2506        \u2506   \u2506     \u2506              \u2506             \u2506 ]           \u2502\n\u255e\u2550\u2550\u2550\u2550\u2550\u2550\u2550\u2550\u2550\u2550\u2550\u2550\u256a\u2550\u2550\u2550\u2550\u2550\u2550\u2550\u2550\u2550\u2550\u2550\u2550\u2550\u2550\u256a\u2550\u2550\u2550\u2550\u2550\u2550\u2550\u2550\u256a\u2550\u2550\u2550\u2550\u2550\u2550\u2550\u2550\u256a\u2550\u2550\u2550\u256a\u2550\u2550\u2550\u2550\u2550\u256a\u2550\u2550\u2550\u2550\u2550\u2550\u2550\u2550\u2550\u2550\u2550\u2550\u2550\u2550\u256a\u2550\u2550\u2550\u2550\u2550\u2550\u2550\u2550\u2550\u2550\u2550\u2550\u2550\u256a\u2550\u2550\u2550\u2550\u2550\u2550\u2550\u2550\u2550\u2550\u2550\u2550\u2550\u2561\n\u2502 1740096000 \u2506 2025-02-21   \u2506 9.0    \u2506 48.1   \u2506 \u2026 \u2506 0.0 \u2506 2cea1e8f-c46 \u2506 c858d636-b9 \u2506 2025-02-21  \u2502\n\u2502            \u2506 00:00        \u2506        \u2506        \u2506   \u2506     \u2506 f-4cf5-892a- \u2506 a4-42b5-805 \u2506 02:17:46.32 \u2502\n\u2502            \u2506              \u2506        \u2506        \u2506   \u2506     \u2506 1f7f27\u2026      \u2506 0-b4e54c\u2026   \u2506 8847        \u2502\n\u2502 1740099600 \u2506 2025-02-21   \u2506 9.5    \u2506 49.1   \u2506 \u2026 \u2506 0.0 \u2506 09a54ae7-9d6 \u2506 c858d636-b9 \u2506 2025-02-21  \u2502\n\u2502            \u2506 01:00        \u2506        \u2506        \u2506   \u2506     \u2506 f-402b-ab05- \u2506 a4-42b5-805 \u2506 02:17:46.32 \u2502\n\u2502            \u2506              \u2506        \u2506        \u2506   \u2506     \u2506 657ed3\u2026      \u2506 0-b4e54c\u2026   \u2506 8847        \u2502\n\u2502 1740103200 \u2506 2025-02-21   \u2506 9.1    \u2506 48.4   \u2506 \u2026 \u2506 0.0 \u2506 46ef3c45-2ce \u2506 c858d636-b9 \u2506 2025-02-21  \u2502\n\u2502            \u2506 02:00        \u2506        \u2506        \u2506   \u2506     \u2506 c-4deb-975c- \u2506 a4-42b5-805 \u2506 02:17:46.32 \u2502\n\u2502            \u2506              \u2506        \u2506        \u2506   \u2506     \u2506 ab4f17\u2026      \u2506 0-b4e54c\u2026   \u2506 8847        \u2502\n\u2502 1740106800 \u2506 2025-02-21   \u2506 9.5    \u2506 49.2   \u2506 \u2026 \u2506 0.0 \u2506 0bab0858-dbb \u2506 c858d636-b9 \u2506 2025-02-21  \u2502\n\u2502            \u2506 03:00        \u2506        \u2506        \u2506   \u2506     \u2506 0-467a-ae42- \u2506 a4-42b5-805 \u2506 02:17:46.32 \u2502\n\u2502            \u2506              \u2506        \u2506        \u2506   \u2506     \u2506 86db6c\u2026      \u2506 0-b4e54c\u2026   \u2506 8847        \u2502\n\u2502 1740110400 \u2506 2025-02-21   \u2506 10.2   \u2506 50.4   \u2506 \u2026 \u2506 0.0 \u2506 b6e6b492-238 \u2506 c858d636-b9 \u2506 2025-02-21  \u2502\n\u2502            \u2506 04:00        \u2506        \u2506        \u2506   \u2506     \u2506 8-481e-ad87- \u2506 a4-42b5-805 \u2506 02:17:46.32 \u2502\n\u2502            \u2506              \u2506        \u2506        \u2506   \u2506     \u2506 d6f483\u2026      \u2506 0-b4e54c\u2026   \u2506 8847        \u2502\n\u2502 \u2026          \u2506 \u2026            \u2506 \u2026      \u2506 \u2026      \u2506 \u2026 \u2506 \u2026   \u2506 \u2026            \u2506 \u2026           \u2506 \u2026           \u2502\n\u2502 1740164400 \u2506 2025-02-21   \u2506 8.7    \u2506 47.6   \u2506 \u2026 \u2506 0.0 \u2506 5a18dafa-5f6 \u2506 c858d636-b9 \u2506 2025-02-21  \u2502\n\u2502            \u2506 19:00        \u2506        \u2506        \u2506   \u2506     \u2506 b-4716-9460- \u2506 a4-42b5-805 \u2506 02:17:46.32 \u2502\n\u2502            \u2506              \u2506        \u2506        \u2506   \u2506     \u2506 6d7003\u2026      \u2506 0-b4e54c\u2026   \u2506 8847        \u2502\n\u2502 1740168000 \u2506 2025-02-21   \u2506 8.5    \u2506 47.2   \u2506 \u2026 \u2506 0.0 \u2506 007f5249-b0b \u2506 c858d636-b9 \u2506 2025-02-21  \u2502\n\u2502            \u2506 20:00        \u2506        \u2506        \u2506   \u2506     \u2506 9-4859-9930- \u2506 a4-42b5-805 \u2506 02:17:46.32 \u2502\n\u2502            \u2506              \u2506        \u2506        \u2506   \u2506     \u2506 cff831\u2026      \u2506 0-b4e54c\u2026   \u2506 8847        \u2502\n\u2502 1740171600 \u2506 2025-02-21   \u2506 8.2    \u2506 46.8   \u2506 \u2026 \u2506 0.0 \u2506 0baf1d5e-aae \u2506 c858d636-b9 \u2506 2025-02-21  \u2502\n\u2502            \u2506 21:00        \u2506        \u2506        \u2506   \u2506     \u2506 c-4ba3-af79- \u2506 a4-42b5-805 \u2506 02:17:46.32 \u2502\n\u2502            \u2506              \u2506        \u2506        \u2506   \u2506     \u2506 455d01\u2026      \u2506 0-b4e54c\u2026   \u2506 8847        \u2502\n\u2502 1740175200 \u2506 2025-02-21   \u2506 8.1    \u2506 46.5   \u2506 \u2026 \u2506 0.0 \u2506 c336f6d2-f83 \u2506 c858d636-b9 \u2506 2025-02-21  \u2502\n\u2502            \u2506 22:00        \u2506        \u2506        \u2506   \u2506     \u2506 d-4a73-be7d- \u2506 a4-42b5-805 \u2506 02:17:46.32 \u2502\n\u2502            \u2506              \u2506        \u2506        \u2506   \u2506     \u2506 976c75\u2026      \u2506 0-b4e54c\u2026   \u2506 8847        \u2502\n\u2502 1740178800 \u2506 2025-02-21   \u2506 7.8    \u2506 46.0   \u2506 \u2026 \u2506 0.0 \u2506 bc86e012-9ec \u2506 c858d636-b9 \u2506 2025-02-21  \u2502\n\u2502            \u2506 23:00        \u2506        \u2506        \u2506   \u2506     \u2506 2-43f2-a031- \u2506 a4-42b5-805 \u2506 02:17:46.32 \u2502\n\u2502            \u2506              \u2506        \u2506        \u2506   \u2506     \u2506 019f87\u2026      \u2506 0-b4e54c\u2026   \u2506 8847        \u2502\n\u2514\u2500\u2500\u2500\u2500\u2500\u2500\u2500\u2500\u2500\u2500\u2500\u2500\u2534\u2500\u2500\u2500\u2500\u2500\u2500\u2500\u2500\u2500\u2500\u2500\u2500\u2500\u2500\u2534\u2500\u2500\u2500\u2500\u2500\u2500\u2500\u2500\u2534\u2500\u2500\u2500\u2500\u2500\u2500\u2500\u2500\u2534\u2500\u2500\u2500\u2534\u2500\u2500\u2500\u2500\u2500\u2534\u2500\u2500\u2500\u2500\u2500\u2500\u2500\u2500\u2500\u2500\u2500\u2500\u2500\u2500\u2534\u2500\u2500\u2500\u2500\u2500\u2500\u2500\u2500\u2500\u2500\u2500\u2500\u2500\u2534\u2500\u2500\u2500\u2500\u2500\u2500\u2500\u2500\u2500\u2500\u2500\u2500\u2500\u2518"
    ],
    "kwargs": {
        "save_path": "/home/runner/work/weather-pipe/weather-pipe/data/raw/liverpool/250221_021746_forecast_liverpool.parquet"
    },
    "event": "pre-call",
    "timestamp": "2025-02-21T02:17:46.527922Z",
    "level": "info"
},
{
    "func": "save_parquet",
    "result": "<Success: True>",
    "event": "post-result",
    "timestamp": "2025-02-21T02:17:46.530280Z",
    "level": "info"
},
